<?xml version="1.0" encoding="UTF-8"?>
<testng-results ignored="0" total="1" passed="1" failed="0" skipped="0">
  <reporter-output>
  </reporter-output>
  <suite started-at="2025-06-08T14:39:43 EDT" name="Surefire suite" finished-at="2025-06-08T14:39:46 EDT" duration-ms="2923">
    <groups>
    </groups>
    <test started-at="2025-06-08T14:39:43 EDT" name="Surefire test" finished-at="2025-06-08T14:39:46 EDT" duration-ms="2923">
      <class name="tests.CreateUserTest">
        <test-method signature="testCreateUser()[pri:0, instance:tests.CreateUserTest@75c072cb]" started-at="2025-06-08T14:39:44 EDT" name="testCreateUser" finished-at="2025-06-08T14:39:46 EDT" duration-ms="2880" status="PASS">
          <reporter-output>
          </reporter-output>
        </test-method> <!-- testCreateUser -->
      </class> <!-- tests.CreateUserTest -->
    </test> <!-- Surefire test -->
  </suite> <!-- Surefire suite -->
</testng-results>
