<?xml version="1.0" encoding="UTF-8"?>
<testng-results ignored="0" total="1" passed="1" failed="0" skipped="0">
  <reporter-output>
  </reporter-output>
  <suite started-at="2025-06-08T13:46:09 EDT" name="QA Automation Suite" finished-at="2025-06-08T13:46:25 EDT" duration-ms="16603">
    <groups>
    </groups>
    <test started-at="2025-06-08T13:46:09 EDT" name="Login Test" finished-at="2025-06-08T13:46:25 EDT" duration-ms="16603">
      <class name="tests.LoginTest">
        <test-method is-config="true" signature="setUp()[pri:0, instance:tests.LoginTest@1534f01b]" started-at="2025-06-08T13:46:09 EDT" name="setUp" finished-at="2025-06-08T13:46:19 EDT" duration-ms="10770" status="PASS">
          <reporter-output>
          </reporter-output>
        </test-method> <!-- setUp -->
        <test-method signature="testValidLogin()[pri:0, instance:tests.LoginTest@1534f01b]" started-at="2025-06-08T13:46:19 EDT" name="testValidLogin" finished-at="2025-06-08T13:46:25 EDT" duration-ms="5344" status="PASS">
          <reporter-output>
          </reporter-output>
        </test-method> <!-- testValidLogin -->
        <test-method is-config="true" signature="tearDown()[pri:0, instance:tests.LoginTest@1534f01b]" started-at="2025-06-08T13:46:25 EDT" name="tearDown" finished-at="2025-06-08T13:46:25 EDT" duration-ms="430" status="PASS">
          <reporter-output>
          </reporter-output>
        </test-method> <!-- tearDown -->
      </class> <!-- tests.LoginTest -->
    </test> <!-- Login Test -->
  </suite> <!-- QA Automation Suite -->
</testng-results>
